{"/home/samuel/projects/personal/orion/server/src/models/User/UserEntity.ts": {"path":"/home/samuel/projects/personal/orion/server/src/models/User/UserEntity.ts","statementMap":{"0":{"start":{"line":14,"column":4},"end":{"line":14,"column":22}},"1":{"start":{"line":15,"column":4},"end":{"line":15,"column":34}},"2":{"start":{"line":16,"column":4},"end":{"line":16,"column":28}},"3":{"start":{"line":17,"column":4},"end":{"line":17,"column":34}},"4":{"start":{"line":18,"column":4},"end":{"line":18,"column":28}},"5":{"start":{"line":19,"column":4},"end":{"line":19,"column":36}},"6":{"start":{"line":20,"column":4},"end":{"line":20,"column":36}},"7":{"start":{"line":21,"column":4},"end":{"line":21,"column":36}},"8":{"start":{"line":25,"column":4},"end":{"line":34,"column":7}},"9":{"start":{"line":3,"column":0},"end":{"line":3,"column":13}}},"fnMap":{"0":{"name":"(anonymous_0)","decl":{"start":{"line":13,"column":2},"end":{"line":13,"column":14}},"loc":{"start":{"line":13,"column":39},"end":{"line":22,"column":3}}},"1":{"name":"(anonymous_1)","decl":{"start":{"line":24,"column":2},"end":{"line":24,"column":8}},"loc":{"start":{"line":24,"column":38},"end":{"line":35,"column":3}}}},"branchMap":{},"s":{"0":0,"1":0,"2":0,"3":0,"4":0,"5":0,"6":0,"7":0,"8":0,"9":1},"f":{"0":0,"1":0},"b":{}}
,"/home/samuel/projects/personal/orion/server/src/models/User/UserRepository.ts": {"path":"/home/samuel/projects/personal/orion/server/src/models/User/UserRepository.ts","statementMap":{"0":{"start":{"line":8,"column":0},"end":{"line":8,"column":42}},"1":{"start":{"line":15,"column":19},"end":{"line":15,"column":72}},"2":{"start":{"line":17,"column":4},"end":{"line":19,"column":5}},"3":{"start":{"line":18,"column":6},"end":{"line":18,"column":18}},"4":{"start":{"line":21,"column":4},"end":{"line":21,"column":41}},"5":{"start":{"line":28,"column":19},"end":{"line":28,"column":75}},"6":{"start":{"line":30,"column":4},"end":{"line":32,"column":5}},"7":{"start":{"line":31,"column":6},"end":{"line":31,"column":18}},"8":{"start":{"line":34,"column":4},"end":{"line":34,"column":41}},"9":{"start":{"line":41,"column":20},"end":{"line":43,"column":50}},"10":{"start":{"line":45,"column":4},"end":{"line":45,"column":66}},"11":{"start":{"line":45,"column":35},"end":{"line":45,"column":64}},"12":{"start":{"line":52,"column":25},"end":{"line":52,"column":70}},"13":{"start":{"line":54,"column":19},"end":{"line":69,"column":6}},"14":{"start":{"line":55,"column":28},"end":{"line":61,"column":23}},"15":{"start":{"line":63,"column":6},"end":{"line":66,"column":18}},"16":{"start":{"line":68,"column":6},"end":{"line":68,"column":25}},"17":{"start":{"line":71,"column":4},"end":{"line":71,"column":41}},"18":{"start":{"line":79,"column":20},"end":{"line":89,"column":8}},"19":{"start":{"line":91,"column":4},"end":{"line":91,"column":23}},"20":{"start":{"line":95,"column":19},"end":{"line":99,"column":55}},"21":{"start":{"line":101,"column":4},"end":{"line":103,"column":5}},"22":{"start":{"line":102,"column":6},"end":{"line":102,"column":73}},"23":{"start":{"line":105,"column":4},"end":{"line":105,"column":16}},"24":{"start":{"line":112,"column":19},"end":{"line":115,"column":14}},"25":{"start":{"line":117,"column":4},"end":{"line":117,"column":26}},"26":{"start":{"line":124,"column":20},"end":{"line":130,"column":8}},"27":{"start":{"line":132,"column":4},"end":{"line":132,"column":23}},"28":{"start":{"line":10,"column":0},"end":{"line":10,"column":13}}},"fnMap":{"0":{"name":"(anonymous_0)","decl":{"start":{"line":11,"column":2},"end":{"line":11,"column":8}},"loc":{"start":{"line":13,"column":20},"end":{"line":22,"column":3}}},"1":{"name":"(anonymous_1)","decl":{"start":{"line":24,"column":2},"end":{"line":24,"column":8}},"loc":{"start":{"line":26,"column":20},"end":{"line":35,"column":3}}},"2":{"name":"(anonymous_2)","decl":{"start":{"line":37,"column":2},"end":{"line":37,"column":8}},"loc":{"start":{"line":39,"column":20},"end":{"line":46,"column":3}}},"3":{"name":"(anonymous_3)","decl":{"start":{"line":45,"column":23},"end":{"line":45,"column":24}},"loc":{"start":{"line":45,"column":35},"end":{"line":45,"column":64}}},"4":{"name":"(anonymous_4)","decl":{"start":{"line":48,"column":2},"end":{"line":48,"column":8}},"loc":{"start":{"line":50,"column":20},"end":{"line":72,"column":3}}},"5":{"name":"(anonymous_5)","decl":{"start":{"line":54,"column":54},"end":{"line":54,"column":59}},"loc":{"start":{"line":54,"column":68},"end":{"line":69,"column":5}}},"6":{"name":"(anonymous_6)","decl":{"start":{"line":74,"column":2},"end":{"line":74,"column":8}},"loc":{"start":{"line":77,"column":20},"end":{"line":92,"column":3}}},"7":{"name":"(anonymous_7)","decl":{"start":{"line":94,"column":2},"end":{"line":94,"column":8}},"loc":{"start":{"line":94,"column":50},"end":{"line":106,"column":3}}},"8":{"name":"(anonymous_8)","decl":{"start":{"line":108,"column":2},"end":{"line":108,"column":8}},"loc":{"start":{"line":110,"column":20},"end":{"line":118,"column":3}}},"9":{"name":"(anonymous_9)","decl":{"start":{"line":120,"column":2},"end":{"line":120,"column":8}},"loc":{"start":{"line":122,"column":20},"end":{"line":133,"column":3}}}},"branchMap":{"0":{"loc":{"start":{"line":17,"column":4},"end":{"line":19,"column":5}},"type":"if","locations":[{"start":{"line":17,"column":4},"end":{"line":19,"column":5}},{"start":{},"end":{}}]},"1":{"loc":{"start":{"line":30,"column":4},"end":{"line":32,"column":5}},"type":"if","locations":[{"start":{"line":30,"column":4},"end":{"line":32,"column":5}},{"start":{},"end":{}}]},"2":{"loc":{"start":{"line":85,"column":18},"end":{"line":87,"column":21}},"type":"cond-expr","locations":[{"start":{"line":86,"column":12},"end":{"line":86,"column":57}},{"start":{"line":87,"column":12},"end":{"line":87,"column":21}}]},"3":{"loc":{"start":{"line":101,"column":4},"end":{"line":103,"column":5}},"type":"if","locations":[{"start":{"line":101,"column":4},"end":{"line":103,"column":5}},{"start":{},"end":{}}]},"4":{"loc":{"start":{"line":117,"column":11},"end":{"line":117,"column":25}},"type":"binary-expr","locations":[{"start":{"line":117,"column":11},"end":{"line":117,"column":17}},{"start":{"line":117,"column":21},"end":{"line":117,"column":25}}]}},"s":{"0":1,"1":0,"2":0,"3":0,"4":0,"5":0,"6":0,"7":0,"8":0,"9":0,"10":0,"11":0,"12":0,"13":0,"14":0,"15":0,"16":0,"17":0,"18":0,"19":0,"20":0,"21":0,"22":0,"23":0,"24":0,"25":0,"26":0,"27":0,"28":1},"f":{"0":0,"1":0,"2":0,"3":0,"4":0,"5":0,"6":0,"7":0,"8":0,"9":0},"b":{"0":[0,0],"1":[0,0],"2":[0,0],"3":[0,0],"4":[0,0]}}
,"/home/samuel/projects/personal/orion/server/src/models/User/UserUseCase.ts": {"path":"/home/samuel/projects/personal/orion/server/src/models/User/UserUseCase.ts","statementMap":{"0":{"start":{"line":4,"column":0},"end":{"line":4,"column":50}},"1":{"start":{"line":14,"column":17},"end":{"line":14,"column":68}},"2":{"start":{"line":16,"column":4},"end":{"line":18,"column":5}},"3":{"start":{"line":17,"column":6},"end":{"line":17,"column":40}},"4":{"start":{"line":20,"column":28},"end":{"line":22,"column":null}},"5":{"start":{"line":25,"column":4},"end":{"line":27,"column":5}},"6":{"start":{"line":26,"column":6},"end":{"line":26,"column":42}},"7":{"start":{"line":29,"column":4},"end":{"line":29,"column":16}},"8":{"start":{"line":36,"column":17},"end":{"line":36,"column":59}},"9":{"start":{"line":37,"column":4},"end":{"line":37,"column":16}},"10":{"start":{"line":45,"column":4},"end":{"line":45,"column":52}},"11":{"start":{"line":49,"column":4},"end":{"line":49,"column":46}},"12":{"start":{"line":56,"column":28},"end":{"line":58,"column":null}},"13":{"start":{"line":61,"column":4},"end":{"line":63,"column":5}},"14":{"start":{"line":62,"column":6},"end":{"line":62,"column":49}},"15":{"start":{"line":65,"column":4},"end":{"line":65,"column":53}},"16":{"start":{"line":6,"column":0},"end":{"line":6,"column":13}}},"fnMap":{"0":{"name":"(anonymous_0)","decl":{"start":{"line":7,"column":2},"end":{"line":7,"column":8}},"loc":{"start":{"line":12,"column":20},"end":{"line":30,"column":3}}},"1":{"name":"(anonymous_1)","decl":{"start":{"line":32,"column":2},"end":{"line":32,"column":8}},"loc":{"start":{"line":34,"column":20},"end":{"line":38,"column":3}}},"2":{"name":"(anonymous_2)","decl":{"start":{"line":40,"column":2},"end":{"line":40,"column":8}},"loc":{"start":{"line":43,"column":20},"end":{"line":46,"column":3}}},"3":{"name":"(anonymous_3)","decl":{"start":{"line":48,"column":2},"end":{"line":48,"column":8}},"loc":{"start":{"line":48,"column":50},"end":{"line":50,"column":3}}},"4":{"name":"(anonymous_4)","decl":{"start":{"line":52,"column":2},"end":{"line":52,"column":8}},"loc":{"start":{"line":54,"column":20},"end":{"line":66,"column":3}}}},"branchMap":{"0":{"loc":{"start":{"line":16,"column":4},"end":{"line":18,"column":5}},"type":"if","locations":[{"start":{"line":16,"column":4},"end":{"line":18,"column":5}},{"start":{},"end":{}}]},"1":{"loc":{"start":{"line":25,"column":4},"end":{"line":27,"column":5}},"type":"if","locations":[{"start":{"line":25,"column":4},"end":{"line":27,"column":5}},{"start":{},"end":{}}]},"2":{"loc":{"start":{"line":61,"column":4},"end":{"line":63,"column":5}},"type":"if","locations":[{"start":{"line":61,"column":4},"end":{"line":63,"column":5}},{"start":{},"end":{}}]}},"s":{"0":1,"1":0,"2":0,"3":0,"4":0,"5":0,"6":0,"7":0,"8":0,"9":0,"10":0,"11":0,"12":2,"13":2,"14":1,"15":1,"16":1},"f":{"0":0,"1":0,"2":0,"3":0,"4":2},"b":{"0":[0,0],"1":[0,0],"2":[1,1]}}
}
