TN:
SF:src/models/User/UserEntity.ts
FN:13,(anonymous_0)
FN:24,(anonymous_1)
FNF:2
FNH:0
FNDA:0,(anonymous_0)
FNDA:0,(anonymous_1)
DA:3,1
DA:14,0
DA:15,0
DA:16,0
DA:17,0
DA:18,0
DA:19,0
DA:20,0
DA:21,0
DA:25,0
LF:10
LH:1
BRF:0
BRH:0
end_of_record
TN:
SF:src/models/User/UserRepository.ts
FN:11,(anonymous_0)
FN:24,(anonymous_1)
FN:37,(anonymous_2)
FN:45,(anonymous_3)
FN:48,(anonymous_4)
FN:54,(anonymous_5)
FN:74,(anonymous_6)
FN:94,(anonymous_7)
FN:108,(anonymous_8)
FN:120,(anonymous_9)
FNF:10
FNH:0
FNDA:0,(anonymous_0)
FNDA:0,(anonymous_1)
FNDA:0,(anonymous_2)
FNDA:0,(anonymous_3)
FNDA:0,(anonymous_4)
FNDA:0,(anonymous_5)
FNDA:0,(anonymous_6)
FNDA:0,(anonymous_7)
FNDA:0,(anonymous_8)
FNDA:0,(anonymous_9)
DA:8,1
DA:10,1
DA:15,0
DA:17,0
DA:18,0
DA:21,0
DA:28,0
DA:30,0
DA:31,0
DA:34,0
DA:41,0
DA:45,0
DA:52,0
DA:54,0
DA:55,0
DA:63,0
DA:68,0
DA:71,0
DA:79,0
DA:91,0
DA:95,0
DA:101,0
DA:102,0
DA:105,0
DA:112,0
DA:117,0
DA:124,0
DA:132,0
LF:28
LH:2
BRDA:17,0,0,0
BRDA:17,0,1,0
BRDA:30,1,0,0
BRDA:30,1,1,0
BRDA:85,2,0,0
BRDA:85,2,1,0
BRDA:101,3,0,0
BRDA:101,3,1,0
BRDA:117,4,0,0
BRDA:117,4,1,0
BRF:10
BRH:0
end_of_record
TN:
SF:src/models/User/UserUseCase.ts
FN:7,(anonymous_0)
FN:32,(anonymous_1)
FN:40,(anonymous_2)
FN:48,(anonymous_3)
FN:52,(anonymous_4)
FNF:5
FNH:1
FNDA:0,(anonymous_0)
FNDA:0,(anonymous_1)
FNDA:0,(anonymous_2)
FNDA:0,(anonymous_3)
FNDA:2,(anonymous_4)
DA:4,1
DA:6,1
DA:14,0
DA:16,0
DA:17,0
DA:20,0
DA:25,0
DA:26,0
DA:29,0
DA:36,0
DA:37,0
DA:45,0
DA:49,0
DA:56,2
DA:61,2
DA:62,1
DA:65,1
LF:17
LH:6
BRDA:16,0,0,0
BRDA:16,0,1,0
BRDA:25,1,0,0
BRDA:25,1,1,0
BRDA:61,2,0,1
BRDA:61,2,1,1
BRF:6
BRH:2
end_of_record
